Using pre-set license
Built from '2020.3/release' branch; Version is '2020.3.15f2 (6cf78cb77498) revision 7141260'; Using compiler version '192528614'; Build Type 'Release'
OS: 'Windows 10 Home Single Language; OS build 19042.1165; Version 2009; 64bit' Language: 'en' Physical Memory: 16293 MB
BatchMode: 1, IsHumanControllingUs: 0, StartBugReporterOnCrash: 0, Is64bit: 1, IsPro: 0

 COMMAND LINE ARGUMENTS:
C:\Program Files\Unity\Hub\Editor\2020.3.15f2\Editor\Unity.exe
-adb2
-batchMode
-noUpm
-name
AssetImportWorker0
-projectPath
C:/Users/HUY/LF2
-logFile
Logs/AssetImportWorker0.log
-srvPort
60955
Successfully changed project path to: C:/Users/HUY/LF2
C:/Users/HUY/LF2
Using Asset Import Pipeline V2.
Refreshing native plugins compatible for Editor in 121.67 ms, found 2 plugins.
Preloading 0 native plugins for Editor in 0.00 ms.
Initialize engine version: 2020.3.15f2 (6cf78cb77498)
[Subsystems] Discovering subsystems at path C:/Program Files/Unity/Hub/Editor/2020.3.15f2/Editor/Data/Resources/UnitySubsystems
[Subsystems] Discovering subsystems at path C:/Users/HUY/LF2/Assets
GfxDevice: creating device client; threaded=0
Direct3D:
    Version:  Direct3D 11.0 [level 11.0]
    Renderer: NVIDIA GeForce 920M (ID=0x1299)
    Vendor:   
    VRAM:     2009 MB
    Driver:   25.21.14.2531
Shader 'Universal Render Pipeline/Particles/Lit': fallback shader 'Universal Render Pipeline/Particles/SimpleLit' not found
Initialize mono
Mono path[0] = 'C:/Program Files/Unity/Hub/Editor/2020.3.15f2/Editor/Data/Managed'
Mono path[1] = 'C:/Program Files/Unity/Hub/Editor/2020.3.15f2/Editor/Data/MonoBleedingEdge/lib/mono/unityjit'
Mono config path = 'C:/Program Files/Unity/Hub/Editor/2020.3.15f2/Editor/Data/MonoBleedingEdge/etc'
Using monoOptions --debugger-agent=transport=dt_socket,embedding=1,server=y,suspend=n,address=127.0.0.1:56528
Begin MonoManager ReloadAssembly
Registering precompiled unity dll's ...
Register platform support module: C:/Program Files/Unity/Hub/Editor/2020.3.15f2/Editor/Data/PlaybackEngines/WindowsStandaloneSupport/UnityEditor.WindowsStandalone.Extensions.dll
Registered in 0.004549 seconds.
Native extension for WindowsStandalone target not found
Refreshing native plugins compatible for Editor in 113.85 ms, found 2 plugins.
Preloading 0 native plugins for Editor in 0.00 ms.
Mono: successfully reloaded assembly
- Completed reload, in  5.229 seconds
Domain Reload Profiling:
	ReloadAssembly (5230ms)
		BeginReloadAssembly (117ms)
			ExecutionOrderSort (0ms)
			DisableScriptedObjects (0ms)
			BackupInstance (0ms)
			ReleaseScriptingObjects (0ms)
			CreateAndSetChildDomain (2ms)
		EndReloadAssembly (1094ms)
			LoadAssemblies (112ms)
			RebuildTransferFunctionScriptingTraits (0ms)
			SetupTypeCache (413ms)
			ReleaseScriptCaches (0ms)
			RebuildScriptCaches (88ms)
			SetupLoadedEditorAssemblies (424ms)
				LogAssemblyErrors (0ms)
				InitializePlatformSupportModulesInManaged (9ms)
				SetLoadedEditorAssemblies (2ms)
				RefreshPlugins (114ms)
				BeforeProcessingInitializeOnLoad (21ms)
				ProcessInitializeOnLoadAttributes (211ms)
				ProcessInitializeOnLoadMethodAttributes (67ms)
				AfterProcessingInitializeOnLoad (0ms)
				EditorAssembliesLoaded (0ms)
			ExecutionOrderSort2 (0ms)
			AwakeInstancesAfterBackupRestoration (0ms)
Platform modules already initialized, skipping
Registering precompiled user dll's ...
Registered in 0.017078 seconds.
Begin MonoManager ReloadAssembly
Native extension for WindowsStandalone target not found
Refreshing native plugins compatible for Editor in 111.69 ms, found 2 plugins.
Preloading 0 native plugins for Editor in 0.00 ms.
Mono: successfully reloaded assembly
- Completed reload, in  2.756 seconds
Domain Reload Profiling:
	ReloadAssembly (2759ms)
		BeginReloadAssembly (325ms)
			ExecutionOrderSort (0ms)
			DisableScriptedObjects (10ms)
			BackupInstance (0ms)
			ReleaseScriptingObjects (0ms)
			CreateAndSetChildDomain (41ms)
		EndReloadAssembly (2305ms)
			LoadAssemblies (228ms)
			RebuildTransferFunctionScriptingTraits (0ms)
			SetupTypeCache (690ms)
			ReleaseScriptCaches (1ms)
			RebuildScriptCaches (114ms)
			SetupLoadedEditorAssemblies (1005ms)
				LogAssemblyErrors (0ms)
				InitializePlatformSupportModulesInManaged (9ms)
				SetLoadedEditorAssemblies (1ms)
				RefreshPlugins (112ms)
				BeforeProcessingInitializeOnLoad (222ms)
				ProcessInitializeOnLoadAttributes (632ms)
				ProcessInitializeOnLoadMethodAttributes (12ms)
				AfterProcessingInitializeOnLoad (17ms)
				EditorAssembliesLoaded (1ms)
			ExecutionOrderSort2 (0ms)
			AwakeInstancesAfterBackupRestoration (28ms)
Platform modules already initialized, skipping
========================================================================
Worker process is ready to serve import requests
Shader 'Universal Render Pipeline/Particles/Lit': fallback shader 'Universal Render Pipeline/Particles/SimpleLit' not found
Launched and connected shader compiler UnityShaderCompiler.exe after 0.13 seconds
Refreshing native plugins compatible for Editor in 0.68 ms, found 2 plugins.
Preloading 0 native plugins for Editor in 0.00 ms.
Unloading 2936 Unused Serialized files (Serialized files now loaded: 0)
System memory in use before: 151.5 MB.
System memory in use after: 151.7 MB.

Unloading 23 unused Assets to reduce memory usage. Loaded Objects now: 3389.
Total: 7.719000 ms (FindLiveObjects: 1.921600 ms CreateObjectMapping: 0.306000 ms MarkObjects: 5.291400 ms  DeleteObjects: 0.197200 ms)

AssetImportParameters requested are different than current active one (requested -> active):
  custom:framework-win-MediaFoundation: 216162199b28c13a410421893ffa2e32 -> 
  custom:video-decoder-ogg-theora: a1e56fd34408186e4bbccfd4996cb3dc -> 
  custom:container-muxer-webm: aa71ff27fc2769a1b78a27578f13a17b -> 
  custom:container-demuxer-webm: 4f35f7cbe854078d1ac9338744f61a02 -> 
  custom:container-demuxer-ogg: 62fdf1f143b41e24485cea50d1cbac27 -> 
  custom:video-encoder-webm-vp8: eb34c28f22e8b96e1ab97ce403110664 -> 
  custom:video-decoder-webm-vp8: 9c59270c3fd7afecdb556c50c9e8de78 -> 
  custom:audio-decoder-ogg-vorbis: bf7c407c2cedff20999df2af8eb42d56 -> 
  custom:audio-encoder-webm-vorbis: bf7c407c2cedff20999df2af8eb42d56 -> 
========================================================================
Received Import Request.
  path: Assets/Sound_effect/001_hurt.wav
  artifactKey: Guid(52ec37df8b4ed504fbb9a1fe28856f07) Importer(815301076,1909f56bfc062723c751e8b465ee728b)
Start importing Assets/Sound_effect/001_hurt.wav using Guid(52ec37df8b4ed504fbb9a1fe28856f07) Importer(815301076,1909f56bfc062723c751e8b465ee728b)  -> (artifact id: 'f5821276567ff3f092f378e3b8863ae2') in 0.235735 seconds 
  Import took 0.246698 seconds .

========================================================================
Received Import Request.
  Time since last request: 0.000314 seconds.
  path: Assets/Sound_effect/007_Attack.wav
  artifactKey: Guid(0471bd26241e6794485f35626fe4b19a) Importer(815301076,1909f56bfc062723c751e8b465ee728b)
Start importing Assets/Sound_effect/007_Attack.wav using Guid(0471bd26241e6794485f35626fe4b19a) Importer(815301076,1909f56bfc062723c751e8b465ee728b)  -> (artifact id: '22d9a077b5ae1413d50bab7e1428b1cd') in 0.059443 seconds 
  Import took 0.071475 seconds .

========================================================================
Received Import Request.
  Time since last request: 0.000410 seconds.
  path: Assets/Sound_effect/017_Jump.wav
  artifactKey: Guid(8073806440877244ca87fb78ffda2362) Importer(815301076,1909f56bfc062723c751e8b465ee728b)
Start importing Assets/Sound_effect/017_Jump.wav using Guid(8073806440877244ca87fb78ffda2362) Importer(815301076,1909f56bfc062723c751e8b465ee728b)  -> (artifact id: '96245ecd19571111c8010ad8a9afe196') in 0.089599 seconds 
  Import took 0.111411 seconds .

========================================================================
Received Import Request.
  Time since last request: 116.305753 seconds.
  path: Assets/Prefab/Player_normal Variant.prefab
  artifactKey: Guid(4c0f103dc789eb8488196ef045098743) Importer(815301076,1909f56bfc062723c751e8b465ee728b)
Start importing Assets/Prefab/Player_normal Variant.prefab using Guid(4c0f103dc789eb8488196ef045098743) Importer(815301076,1909f56bfc062723c751e8b465ee728b)  -> (artifact id: '39a66a06ef6e64ea25942d4356921282') in 0.366006 seconds 
  Import took 0.375939 seconds .

========================================================================
Received Prepare
Registering precompiled user dll's ...
Registered in 0.033834 seconds.
Begin MonoManager ReloadAssembly
Native extension for WindowsStandalone target not found
Refreshing native plugins compatible for Editor in 0.89 ms, found 2 plugins.
Preloading 0 native plugins for Editor in 0.00 ms.
Mono: successfully reloaded assembly
- Completed reload, in  3.096 seconds
Domain Reload Profiling:
	ReloadAssembly (3097ms)
		BeginReloadAssembly (262ms)
			ExecutionOrderSort (0ms)
			DisableScriptedObjects (20ms)
			BackupInstance (0ms)
			ReleaseScriptingObjects (0ms)
			CreateAndSetChildDomain (80ms)
		EndReloadAssembly (2628ms)
			LoadAssemblies (212ms)
			RebuildTransferFunctionScriptingTraits (0ms)
			SetupTypeCache (911ms)
			ReleaseScriptCaches (3ms)
			RebuildScriptCaches (115ms)
			SetupLoadedEditorAssemblies (1018ms)
				LogAssemblyErrors (0ms)
				InitializePlatformSupportModulesInManaged (13ms)
				SetLoadedEditorAssemblies (1ms)
				RefreshPlugins (1ms)
				BeforeProcessingInitializeOnLoad (316ms)
				ProcessInitializeOnLoadAttributes (658ms)
				ProcessInitializeOnLoadMethodAttributes (11ms)
				AfterProcessingInitializeOnLoad (16ms)
				EditorAssembliesLoaded (1ms)
			ExecutionOrderSort2 (0ms)
			AwakeInstancesAfterBackupRestoration (47ms)
Platform modules already initialized, skipping
Shader 'Universal Render Pipeline/Particles/Lit': fallback shader 'Universal Render Pipeline/Particles/SimpleLit' not found
Refreshing native plugins compatible for Editor in 0.76 ms, found 2 plugins.
Preloading 0 native plugins for Editor in 0.00 ms.
Unloading 2813 Unused Serialized files (Serialized files now loaded: 0)
System memory in use before: 148.5 MB.
System memory in use after: 148.7 MB.

Unloading 19 unused Assets to reduce memory usage. Loaded Objects now: 3439.
Total: 5.465100 ms (FindLiveObjects: 0.480400 ms CreateObjectMapping: 0.179600 ms MarkObjects: 4.640100 ms  DeleteObjects: 0.162600 ms)

AssetImportParameters requested are different than current active one (requested -> active):
  custom:framework-win-MediaFoundation: 216162199b28c13a410421893ffa2e32 -> 
  custom:video-decoder-ogg-theora: a1e56fd34408186e4bbccfd4996cb3dc -> 
  custom:container-muxer-webm: aa71ff27fc2769a1b78a27578f13a17b -> 
  custom:container-demuxer-webm: 4f35f7cbe854078d1ac9338744f61a02 -> 
  custom:container-demuxer-ogg: 62fdf1f143b41e24485cea50d1cbac27 -> 
  custom:video-encoder-webm-vp8: eb34c28f22e8b96e1ab97ce403110664 -> 
  custom:video-decoder-webm-vp8: 9c59270c3fd7afecdb556c50c9e8de78 -> 
  custom:audio-decoder-ogg-vorbis: bf7c407c2cedff20999df2af8eb42d56 -> 
  custom:audio-encoder-webm-vorbis: bf7c407c2cedff20999df2af8eb42d56 -> 
========================================================================
Received Prepare
Registering precompiled user dll's ...
Registered in 0.024728 seconds.
Begin MonoManager ReloadAssembly
Native extension for WindowsStandalone target not found
Refreshing native plugins compatible for Editor in 0.74 ms, found 2 plugins.
Preloading 0 native plugins for Editor in 0.00 ms.
Mono: successfully reloaded assembly
- Completed reload, in  2.933 seconds
Domain Reload Profiling:
	ReloadAssembly (2934ms)
		BeginReloadAssembly (241ms)
			ExecutionOrderSort (0ms)
			DisableScriptedObjects (14ms)
			BackupInstance (0ms)
			ReleaseScriptingObjects (0ms)
			CreateAndSetChildDomain (74ms)
		EndReloadAssembly (2556ms)
			LoadAssemblies (207ms)
			RebuildTransferFunctionScriptingTraits (0ms)
			SetupTypeCache (871ms)
			ReleaseScriptCaches (3ms)
			RebuildScriptCaches (107ms)
			SetupLoadedEditorAssemblies (1015ms)
				LogAssemblyErrors (0ms)
				InitializePlatformSupportModulesInManaged (10ms)
				SetLoadedEditorAssemblies (1ms)
				RefreshPlugins (1ms)
				BeforeProcessingInitializeOnLoad (247ms)
				ProcessInitializeOnLoadAttributes (727ms)
				ProcessInitializeOnLoadMethodAttributes (11ms)
				AfterProcessingInitializeOnLoad (18ms)
				EditorAssembliesLoaded (1ms)
			ExecutionOrderSort2 (0ms)
			AwakeInstancesAfterBackupRestoration (56ms)
Platform modules already initialized, skipping
Shader 'Universal Render Pipeline/Particles/Lit': fallback shader 'Universal Render Pipeline/Particles/SimpleLit' not found
Refreshing native plugins compatible for Editor in 1.30 ms, found 2 plugins.
Preloading 0 native plugins for Editor in 0.00 ms.
Unloading 2813 Unused Serialized files (Serialized files now loaded: 0)
System memory in use before: 148.5 MB.
System memory in use after: 148.7 MB.

Unloading 19 unused Assets to reduce memory usage. Loaded Objects now: 3442.
Total: 7.261100 ms (FindLiveObjects: 0.840600 ms CreateObjectMapping: 0.230800 ms MarkObjects: 6.080600 ms  DeleteObjects: 0.106900 ms)

AssetImportParameters requested are different than current active one (requested -> active):
  custom:framework-win-MediaFoundation: 216162199b28c13a410421893ffa2e32 -> 
  custom:video-decoder-ogg-theora: a1e56fd34408186e4bbccfd4996cb3dc -> 
  custom:container-muxer-webm: aa71ff27fc2769a1b78a27578f13a17b -> 
  custom:container-demuxer-webm: 4f35f7cbe854078d1ac9338744f61a02 -> 
  custom:container-demuxer-ogg: 62fdf1f143b41e24485cea50d1cbac27 -> 
  custom:video-encoder-webm-vp8: eb34c28f22e8b96e1ab97ce403110664 -> 
  custom:video-decoder-webm-vp8: 9c59270c3fd7afecdb556c50c9e8de78 -> 
  custom:audio-decoder-ogg-vorbis: bf7c407c2cedff20999df2af8eb42d56 -> 
  custom:audio-encoder-webm-vorbis: bf7c407c2cedff20999df2af8eb42d56 -> 
========================================================================
Received Import Request.
  Time since last request: 702.018789 seconds.
  path: Assets/Scritp/AIBrain/IdleAIState.cs
  artifactKey: Guid(d006a77c1e0c6b24da38cd1798db16f9) Importer(815301076,1909f56bfc062723c751e8b465ee728b)
Start importing Assets/Scritp/AIBrain/IdleAIState.cs using Guid(d006a77c1e0c6b24da38cd1798db16f9) Importer(815301076,1909f56bfc062723c751e8b465ee728b)  -> (artifact id: '81d6f1183a6beea112b581b5f38c3d2f') in 0.073212 seconds 
  Import took 0.096870 seconds .

========================================================================
Received Import Request.
  Time since last request: 0.981902 seconds.
  path: Assets/Scritp/AIBrain/CharacterMovement.cs
  artifactKey: Guid(3e83d6d426ab4fc428d7b9e02e00aabe) Importer(815301076,1909f56bfc062723c751e8b465ee728b)
Start importing Assets/Scritp/AIBrain/CharacterMovement.cs using Guid(3e83d6d426ab4fc428d7b9e02e00aabe) Importer(815301076,1909f56bfc062723c751e8b465ee728b)  -> (artifact id: 'e2e3a0e904bca7b698a4d2a55976a234') in 0.029511 seconds 
  Import took 0.047666 seconds .

========================================================================
Received Import Request.
  Time since last request: 1.009731 seconds.
  path: Assets/Scritp/AIBrain/ActionPlayer.cs
  artifactKey: Guid(3c92bdb079f116543aed553974c8cee6) Importer(815301076,1909f56bfc062723c751e8b465ee728b)
Start importing Assets/Scritp/AIBrain/ActionPlayer.cs using Guid(3c92bdb079f116543aed553974c8cee6) Importer(815301076,1909f56bfc062723c751e8b465ee728b)  -> (artifact id: '34214eef73f6baee243971c692ecb0b3') in 0.038445 seconds 
  Import took 0.052783 seconds .

========================================================================
Received Import Request.
  Time since last request: 1.204023 seconds.
  path: Assets/Scritp/AIBrain/AIState.cs
  artifactKey: Guid(b918efdea4f995441bd1ddf16e032798) Importer(815301076,1909f56bfc062723c751e8b465ee728b)
Start importing Assets/Scritp/AIBrain/AIState.cs using Guid(b918efdea4f995441bd1ddf16e032798) Importer(815301076,1909f56bfc062723c751e8b465ee728b)  -> (artifact id: '4f0c3c3a906b0f5b383b7edc93be1d3b') in 0.017072 seconds 
  Import took 0.027032 seconds .

========================================================================
Received Import Request.
  Time since last request: 0.004751 seconds.
  path: Assets/Scritp/AIBrain/AIState.cs
  artifactKey: Guid(b918efdea4f995441bd1ddf16e032798) Importer(815301076,1909f56bfc062723c751e8b465ee728b)
Start importing Assets/Scritp/AIBrain/AIState.cs using Guid(b918efdea4f995441bd1ddf16e032798) Importer(815301076,1909f56bfc062723c751e8b465ee728b)  -> (artifact id: '4f0c3c3a906b0f5b383b7edc93be1d3b') in 0.015506 seconds 
  Import took 0.037395 seconds .

========================================================================
Received Import Request.
  Time since last request: 0.351048 seconds.
  path: Assets/Scritp/AIBrain/AttackAIState.cs
  artifactKey: Guid(47406c1e35eabb64f92ab8c49fca0466) Importer(815301076,1909f56bfc062723c751e8b465ee728b)
Start importing Assets/Scritp/AIBrain/AttackAIState.cs using Guid(47406c1e35eabb64f92ab8c49fca0466) Importer(815301076,1909f56bfc062723c751e8b465ee728b)  -> (artifact id: 'aa19a2ef7aa1b16de426aeb7118c7b43') in 0.020610 seconds 
  Import took 0.036244 seconds .

========================================================================
Received Import Request.
  Time since last request: 0.003878 seconds.
  path: Assets/Scritp/AIBrain/AttackAIState.cs
  artifactKey: Guid(47406c1e35eabb64f92ab8c49fca0466) Importer(815301076,1909f56bfc062723c751e8b465ee728b)
Start importing Assets/Scritp/AIBrain/AttackAIState.cs using Guid(47406c1e35eabb64f92ab8c49fca0466) Importer(815301076,1909f56bfc062723c751e8b465ee728b)  -> (artifact id: 'aa19a2ef7aa1b16de426aeb7118c7b43') in 0.015723 seconds 
  Import took 0.060780 seconds .

========================================================================
Received Import Request.
  Time since last request: 3988.900331 seconds.
  path: Assets/Scritp/AIBrain/ServerCharacter.cs
  artifactKey: Guid(f36fc32e675a31649a1fb4851b17ac55) Importer(815301076,1909f56bfc062723c751e8b465ee728b)
Start importing Assets/Scritp/AIBrain/ServerCharacter.cs using Guid(f36fc32e675a31649a1fb4851b17ac55) Importer(815301076,1909f56bfc062723c751e8b465ee728b)  -> (artifact id: 'e18481153da13c8f67ba9c0e45a24008') in 0.028210 seconds 
  Import took 0.055911 seconds .

========================================================================
Received Import Request.
  Time since last request: 0.006777 seconds.
  path: Assets/Scritp/AIBrain/ServerCharacter.cs
  artifactKey: Guid(f36fc32e675a31649a1fb4851b17ac55) Importer(815301076,1909f56bfc062723c751e8b465ee728b)
Start importing Assets/Scritp/AIBrain/ServerCharacter.cs using Guid(f36fc32e675a31649a1fb4851b17ac55) Importer(815301076,1909f56bfc062723c751e8b465ee728b)  -> (artifact id: 'e18481153da13c8f67ba9c0e45a24008') in 0.014566 seconds 
  Import took 0.039029 seconds .

AssetImportWorkerClient::OnTransportError - code=2 error=End of file
